# JRE version: OpenJDK Runtime Environment (8.0_152-b01) (build 1.8.0_152-release-915-b01)
# Java VM: OpenJDK 64-Bit Server VM (25.152-b01 mixed mode windows-amd64 compressed oops)
Heap:
 PSYoungGen      total 96256K, used 63204K [0x00000000e0000000, 0x00000000e7300000, 0x0000000100000000)
  eden space 77312K, 81% used [0x00000000e0000000,0x00000000e3da91a0,0x00000000e4b80000)
  from space 18944K, 0% used [0x00000000e5e80000,0x00000000e5e90000,0x00000000e7100000)
  to   space 19456K, 0% used [0x00000000e4b80000,0x00000000e4b80000,0x00000000e5e80000)
 ParOldGen       total 50688K, used 35563K [0x00000000a0000000, 0x00000000a3180000, 0x00000000e0000000)
  object space 50688K, 70% used [0x00000000a0000000,0x00000000a22baea8,0x00000000a3180000)
 Metaspace       used 44976K, capacity 45690K, committed 46080K, reserved 1089536K
  class space    used 5613K, capacity 5787K, committed 5888K, reserved 1048576K
GC Heap History (10 events):
Event: 17.800 GC heap before
{Heap before GC invocations=19 (full 3):
 PSYoungGen      total 77824K, used 66681K [0x00000000e0000000, 0x00000000e6180000, 0x0000000100000000)
  eden space 57856K, 97% used [0x00000000e0000000,0x00000000e37021a0,0x00000000e3880000)
  from space 19968K, 51% used [0x00000000e3880000,0x00000000e429c3a8,0x00000000e4c00000)
  to   space 17920K, 0% used [0x00000000e4c00000,0x00000000e4c00000,0x00000000e5d80000)
 ParOldGen       total 50688K, used 35347K [0x00000000a0000000, 0x00000000a3180000, 0x00000000e0000000)
  object space 50688K, 69% used [0x00000000a0000000,0x00000000a2284ea8,0x00000000a3180000)
 Metaspace       used 43565K, capacity 44210K, committed 44544K, reserved 1087488K
  class space    used 5440K, capacity 5603K, committed 5632K, reserved 1048576K
Event: 17.807 GC heap after
Heap after GC invocations=19 (full 3):
 PSYoungGen      total 75776K, used 10352K [0x00000000e0000000, 0x00000000e6180000, 0x0000000100000000)
  eden space 57856K, 0% used [0x00000000e0000000,0x00000000e0000000,0x00000000e3880000)
  from space 17920K, 57% used [0x00000000e4c00000,0x00000000e561c3a8,0x00000000e5d80000)
  to   space 19968K, 0% used [0x00000000e3880000,0x00000000e3880000,0x00000000e4c00000)
 ParOldGen       total 50688K, used 35371K [0x00000000a0000000, 0x00000000a3180000, 0x00000000e0000000)
  object space 50688K, 69% used [0x00000000a0000000,0x00000000a228aea8,0x00000000a3180000)
 Metaspace       used 43565K, capacity 44210K, committed 44544K, reserved 1087488K
  class space    used 5440K, capacity 5603K, committed 5632K, reserved 1048576K
}
Event: 17.823 GC heap before
{Heap before GC invocations=20 (full 3):
 PSYoungGen      total 75776K, used 66652K [0x00000000e0000000, 0x00000000e6180000, 0x0000000100000000)
  eden space 57856K, 97% used [0x00000000e0000000,0x00000000e36fae50,0x00000000e3880000)
  from space 17920K, 57% used [0x00000000e4c00000,0x00000000e561c3a8,0x00000000e5d80000)
  to   space 19968K, 0% used [0x00000000e3880000,0x00000000e3880000,0x00000000e4c00000)
 ParOldGen       total 50688K, used 35371K [0x00000000a0000000, 0x00000000a3180000, 0x00000000e0000000)
  object space 50688K, 69% used [0x00000000a0000000,0x00000000a228aea8,0x00000000a3180000)
 Metaspace       used 43573K, capacity 44218K, committed 44544K, reserved 1087488K
  class space    used 5442K, capacity 5605K, committed 5632K, reserved 1048576K
Event: 17.829 GC heap after
Heap after GC invocations=20 (full 3):
 PSYoungGen      total 77824K, used 10352K [0x00000000e0000000, 0x00000000e6180000, 0x0000000100000000)
  eden space 57856K, 0% used [0x00000000e0000000,0x00000000e0000000,0x00000000e3880000)
  from space 19968K, 51% used [0x00000000e3880000,0x00000000e429c3a8,0x00000000e4c00000)
  to   space 17920K, 0% used [0x00000000e4c00000,0x00000000e4c00000,0x00000000e5d80000)
 ParOldGen       total 50688K, used 35387K [0x00000000a0000000, 0x00000000a3180000, 0x00000000e0000000)
  object space 50688K, 69% used [0x00000000a0000000,0x00000000a228eea8,0x00000000a3180000)
 Metaspace       used 43573K, capacity 44218K, committed 44544K, reserved 1087488K
  class space    used 5442K, capacity 5605K, committed 5632K, reserved 1048576K
}
Event: 17.979 GC heap before
{Heap before GC invocations=21 (full 3):
 PSYoungGen      total 77824K, used 58647K [0x00000000e0000000, 0x00000000e6180000, 0x0000000100000000)
  eden space 57856K, 83% used [0x00000000e0000000,0x00000000e2f29878,0x00000000e3880000)
  from space 19968K, 51% used [0x00000000e3880000,0x00000000e429c3a8,0x00000000e4c00000)
  to   space 17920K, 0% used [0x00000000e4c00000,0x00000000e4c00000,0x00000000e5d80000)
 ParOldGen       total 50688K, used 35387K [0x00000000a0000000, 0x00000000a3180000, 0x00000000e0000000)
  object space 50688K, 69% used [0x00000000a0000000,0x00000000a228eea8,0x00000000a3180000)
 Metaspace       used 44392K, capacity 45054K, committed 45440K, reserved 1089536K
  class space    used 5548K, capacity 5711K, committed 5760K, reserved 1048576K
Event: 17.983 GC heap after
Heap after GC invocations=21 (full 3):
 PSYoungGen      total 76800K, used 855K [0x00000000e0000000, 0x00000000e7080000, 0x0000000100000000)
  eden space 58880K, 0% used [0x00000000e0000000,0x00000000e0000000,0x00000000e3980000)
  from space 17920K, 4% used [0x00000000e4c00000,0x00000000e4cd5dd0,0x00000000e5d80000)
  to   space 18944K, 0% used [0x00000000e3980000,0x00000000e3980000,0x00000000e4c00000)
 ParOldGen       total 50688K, used 35403K [0x00000000a0000000, 0x00000000a3180000, 0x00000000e0000000)
  object space 50688K, 69% used [0x00000000a0000000,0x00000000a2292ea8,0x00000000a3180000)
 Metaspace       used 44392K, capacity 45054K, committed 45440K, reserved 1089536K
  class space    used 5548K, capacity 5711K, committed 5760K, reserved 1048576K
}
Event: 18.030 GC heap before
{Heap before GC invocations=22 (full 3):
 PSYoungGen      total 76800K, used 58350K [0x00000000e0000000, 0x00000000e7080000, 0x0000000100000000)
  eden space 58880K, 97% used [0x00000000e0000000,0x00000000e3825d00,0x00000000e3980000)
  from space 17920K, 4% used [0x00000000e4c00000,0x00000000e4cd5dd0,0x00000000e5d80000)
  to   space 18944K, 0% used [0x00000000e3980000,0x00000000e3980000,0x00000000e4c00000)
 ParOldGen       total 50688K, used 35403K [0x00000000a0000000, 0x00000000a3180000, 0x00000000e0000000)
  object space 50688K, 69% used [0x00000000a0000000,0x00000000a2292ea8,0x00000000a3180000)
 Metaspace       used 44621K, capacity 45290K, committed 45696K, reserved 1089536K
  class space    used 5585K, capacity 5745K, committed 5760K, reserved 1048576K
Event: 18.033 GC heap after
Heap after GC invocations=22 (full 3):
 PSYoungGen      total 77824K, used 305K [0x00000000e0000000, 0x00000000e7100000, 0x0000000100000000)
  eden space 58880K, 0% used [0x00000000e0000000,0x00000000e0000000,0x00000000e3980000)
  from space 18944K, 1% used [0x00000000e3980000,0x00000000e39cc438,0x00000000e4c00000)
  to   space 18944K, 0% used [0x00000000e5e80000,0x00000000e5e80000,0x00000000e7100000)
 ParOldGen       total 50688K, used 35523K [0x00000000a0000000, 0x00000000a3180000, 0x00000000e0000000)
  object space 50688K, 70% used [0x00000000a0000000,0x00000000a22b0ea8,0x00000000a3180000)
 Metaspace       used 44621K, capacity 45290K, committed 45696K, reserved 1089536K
  class space    used 5585K, capacity 5745K, committed 5760K, reserved 1048576K
}
Event: 18.052 GC heap before
{Heap before GC invocations=23 (full 3):
 PSYoungGen      total 77824K, used 56656K [0x00000000e0000000, 0x00000000e7100000, 0x0000000100000000)
  eden space 58880K, 95% used [0x00000000e0000000,0x00000000e3707d28,0x00000000e3980000)
  from space 18944K, 1% used [0x00000000e3980000,0x00000000e39cc438,0x00000000e4c00000)
  to   space 18944K, 0% used [0x00000000e5e80000,0x00000000e5e80000,0x00000000e7100000)
 ParOldGen       total 50688K, used 35523K [0x00000000a0000000, 0x00000000a3180000, 0x00000000e0000000)
  object space 50688K, 70% used [0x00000000a0000000,0x00000000a22b0ea8,0x00000000a3180000)
 Metaspace       used 44626K, capacity 45296K, committed 45696K, reserved 1089536K
  class space    used 5586K, capacity 5746K, committed 5760K, reserved 1048576K
Event: 18.059 GC heap after
Heap after GC invocations=23 (full 3):
 PSYoungGen      total 96256K, used 64K [0x00000000e0000000, 0x00000000e7300000, 0x0000000100000000)
  eden space 77312K, 0% used [0x00000000e0000000,0x00000000e0000000,0x00000000e4b80000)
  from space 18944K, 0% used [0x00000000e5e80000,0x00000000e5e90000,0x00000000e7100000)
  to   space 19456K, 0% used [0x00000000e4b80000,0x00000000e4b80000,0x00000000e5e80000)
 ParOldGen       total 50688K, used 35563K [0x00000000a0000000, 0x00000000a3180000, 0x00000000e0000000)
  object space 50688K, 70% used [0x00000000a0000000,0x00000000a22baea8,0x00000000a3180000)
 Metaspace       used 44626K, capacity 45296K, committed 45696K, reserved 1089536K
  class space    used 5586K, capacity 5746K, committed 5760K, reserved 1048576K
}

