# JRE version: OpenJDK Runtime Environment (8.0_152-b01) (build 1.8.0_152-release-915-b01)
# Java VM: OpenJDK 64-Bit Server VM (25.152-b01 mixed mode windows-amd64 compressed oops)
Heap:
 PSYoungGen      total 84992K, used 40967K [0x00000000e0000000, 0x00000000e6c80000, 0x0000000100000000)
  eden space 71680K, 57% used [0x00000000e0000000,0x00000000e2801fc8,0x00000000e4600000)
  from space 13312K, 0% used [0x00000000e5300000,0x00000000e5300000,0x00000000e6000000)
  to   space 13312K, 0% used [0x00000000e4600000,0x00000000e4600000,0x00000000e5300000)
 ParOldGen       total 56832K, used 36616K [0x00000000a0000000, 0x00000000a3780000, 0x00000000e0000000)
  object space 56832K, 64% used [0x00000000a0000000,0x00000000a23c2070,0x00000000a3780000)
 Metaspace       used 51101K, capacity 51948K, committed 52224K, reserved 1095680K
  class space    used 6186K, capacity 6400K, committed 6400K, reserved 1048576K
GC Heap History (10 events):
Event: 23.368 GC heap before
{Heap before GC invocations=17 (full 7):
 PSYoungGen      total 84992K, used 56593K [0x00000000e0000000, 0x00000000e6c80000, 0x0000000100000000)
  eden space 71680K, 78% used [0x00000000e0000000,0x00000000e3744678,0x00000000e4600000)
  from space 13312K, 0% used [0x00000000e5300000,0x00000000e5300000,0x00000000e6000000)
  to   space 13312K, 0% used [0x00000000e4600000,0x00000000e4600000,0x00000000e5300000)
 ParOldGen       total 56832K, used 42498K [0x00000000a0000000, 0x00000000a3780000, 0x00000000e0000000)
  object space 56832K, 74% used [0x00000000a0000000,0x00000000a2980ab8,0x00000000a3780000)
 Metaspace       used 43538K, capacity 44152K, committed 44544K, reserved 1087488K
  class space    used 5441K, capacity 5602K, committed 5632K, reserved 1048576K
Event: 23.598 GC heap after
Heap after GC invocations=17 (full 7):
 PSYoungGen      total 84992K, used 0K [0x00000000e0000000, 0x00000000e6c80000, 0x0000000100000000)
  eden space 71680K, 0% used [0x00000000e0000000,0x00000000e0000000,0x00000000e4600000)
  from space 13312K, 0% used [0x00000000e5300000,0x00000000e5300000,0x00000000e6000000)
  to   space 13312K, 0% used [0x00000000e4600000,0x00000000e4600000,0x00000000e5300000)
 ParOldGen       total 56832K, used 42519K [0x00000000a0000000, 0x00000000a3780000, 0x00000000e0000000)
  object space 56832K, 74% used [0x00000000a0000000,0x00000000a2985f60,0x00000000a3780000)
 Metaspace       used 43538K, capacity 44152K, committed 44544K, reserved 1087488K
  class space    used 5441K, capacity 5602K, committed 5632K, reserved 1048576K
}
Event: 23.756 GC heap before
{Heap before GC invocations=18 (full 8):
 PSYoungGen      total 84992K, used 59285K [0x00000000e0000000, 0x00000000e6c80000, 0x0000000100000000)
  eden space 71680K, 82% used [0x00000000e0000000,0x00000000e39e5668,0x00000000e4600000)
  from space 13312K, 0% used [0x00000000e5300000,0x00000000e5300000,0x00000000e6000000)
  to   space 13312K, 0% used [0x00000000e4600000,0x00000000e4600000,0x00000000e5300000)
 ParOldGen       total 56832K, used 42519K [0x00000000a0000000, 0x00000000a3780000, 0x00000000e0000000)
  object space 56832K, 74% used [0x00000000a0000000,0x00000000a2985f60,0x00000000a3780000)
 Metaspace       used 44352K, capacity 45052K, committed 45440K, reserved 1089536K
  class space    used 5545K, capacity 5708K, committed 5760K, reserved 1048576K
Event: 23.937 GC heap after
Heap after GC invocations=18 (full 8):
 PSYoungGen      total 84992K, used 0K [0x00000000e0000000, 0x00000000e6c80000, 0x0000000100000000)
  eden space 71680K, 0% used [0x00000000e0000000,0x00000000e0000000,0x00000000e4600000)
  from space 13312K, 0% used [0x00000000e5300000,0x00000000e5300000,0x00000000e6000000)
  to   space 13312K, 0% used [0x00000000e4600000,0x00000000e4600000,0x00000000e5300000)
 ParOldGen       total 56832K, used 43248K [0x00000000a0000000, 0x00000000a3780000, 0x00000000e0000000)
  object space 56832K, 76% used [0x00000000a0000000,0x00000000a2a3c388,0x00000000a3780000)
 Metaspace       used 44352K, capacity 45052K, committed 45440K, reserved 1089536K
  class space    used 5545K, capacity 5708K, committed 5760K, reserved 1048576K
}
Event: 23.981 GC heap before
{Heap before GC invocations=19 (full 9):
 PSYoungGen      total 84992K, used 56567K [0x00000000e0000000, 0x00000000e6c80000, 0x0000000100000000)
  eden space 71680K, 78% used [0x00000000e0000000,0x00000000e373de28,0x00000000e4600000)
  from space 13312K, 0% used [0x00000000e5300000,0x00000000e5300000,0x00000000e6000000)
  to   space 13312K, 0% used [0x00000000e4600000,0x00000000e4600000,0x00000000e5300000)
 ParOldGen       total 56832K, used 43248K [0x00000000a0000000, 0x00000000a3780000, 0x00000000e0000000)
  object space 56832K, 76% used [0x00000000a0000000,0x00000000a2a3c388,0x00000000a3780000)
 Metaspace       used 44579K, capacity 45288K, committed 45696K, reserved 1089536K
  class space    used 5582K, capacity 5742K, committed 5760K, reserved 1048576K
Event: 24.181 GC heap after
Heap after GC invocations=19 (full 9):
 PSYoungGen      total 84992K, used 0K [0x00000000e0000000, 0x00000000e6c80000, 0x0000000100000000)
  eden space 71680K, 0% used [0x00000000e0000000,0x00000000e0000000,0x00000000e4600000)
  from space 13312K, 0% used [0x00000000e5300000,0x00000000e5300000,0x00000000e6000000)
  to   space 13312K, 0% used [0x00000000e4600000,0x00000000e4600000,0x00000000e5300000)
 ParOldGen       total 56832K, used 42895K [0x00000000a0000000, 0x00000000a3780000, 0x00000000e0000000)
  object space 56832K, 75% used [0x00000000a0000000,0x00000000a29e3eb0,0x00000000a3780000)
 Metaspace       used 44579K, capacity 45288K, committed 45696K, reserved 1089536K
  class space    used 5582K, capacity 5742K, committed 5760K, reserved 1048576K
}
Event: 24.199 GC heap before
{Heap before GC invocations=20 (full 10):
 PSYoungGen      total 84992K, used 56545K [0x00000000e0000000, 0x00000000e6c80000, 0x0000000100000000)
  eden space 71680K, 78% used [0x00000000e0000000,0x00000000e37387c0,0x00000000e4600000)
  from space 13312K, 0% used [0x00000000e5300000,0x00000000e5300000,0x00000000e6000000)
  to   space 13312K, 0% used [0x00000000e4600000,0x00000000e4600000,0x00000000e5300000)
 ParOldGen       total 56832K, used 42895K [0x00000000a0000000, 0x00000000a3780000, 0x00000000e0000000)
  object space 56832K, 75% used [0x00000000a0000000,0x00000000a29e3eb0,0x00000000a3780000)
 Metaspace       used 44584K, capacity 45294K, committed 45696K, reserved 1089536K
  class space    used 5584K, capacity 5743K, committed 5760K, reserved 1048576K
Event: 24.392 GC heap after
Heap after GC invocations=20 (full 10):
 PSYoungGen      total 84992K, used 0K [0x00000000e0000000, 0x00000000e6c80000, 0x0000000100000000)
  eden space 71680K, 0% used [0x00000000e0000000,0x00000000e0000000,0x00000000e4600000)
  from space 13312K, 0% used [0x00000000e5300000,0x00000000e5300000,0x00000000e6000000)
  to   space 13312K, 0% used [0x00000000e4600000,0x00000000e4600000,0x00000000e5300000)
 ParOldGen       total 56832K, used 42662K [0x00000000a0000000, 0x00000000a3780000, 0x00000000e0000000)
  object space 56832K, 75% used [0x00000000a0000000,0x00000000a29a9af8,0x00000000a3780000)
 Metaspace       used 44584K, capacity 45294K, committed 45696K, reserved 1089536K
  class space    used 5584K, capacity 5743K, committed 5760K, reserved 1048576K
}
Event: 26.985 GC heap before
{Heap before GC invocations=21 (full 11):
 PSYoungGen      total 84992K, used 71680K [0x00000000e0000000, 0x00000000e6c80000, 0x0000000100000000)
  eden space 71680K, 100% used [0x00000000e0000000,0x00000000e4600000,0x00000000e4600000)
  from space 13312K, 0% used [0x00000000e5300000,0x00000000e5300000,0x00000000e6000000)
  to   space 13312K, 0% used [0x00000000e4600000,0x00000000e4600000,0x00000000e5300000)
 ParOldGen       total 56832K, used 42662K [0x00000000a0000000, 0x00000000a3780000, 0x00000000e0000000)
  object space 56832K, 75% used [0x00000000a0000000,0x00000000a29a9af8,0x00000000a3780000)
 Metaspace       used 46674K, capacity 47336K, committed 47744K, reserved 1091584K
  class space    used 5778K, capacity 5924K, committed 6016K, reserved 1048576K
Event: 27.206 GC heap after
Heap after GC invocations=21 (full 11):
 PSYoungGen      total 84992K, used 0K [0x00000000e0000000, 0x00000000e6c80000, 0x0000000100000000)
  eden space 71680K, 0% used [0x00000000e0000000,0x00000000e0000000,0x00000000e4600000)
  from space 13312K, 0% used [0x00000000e5300000,0x00000000e5300000,0x00000000e6000000)
  to   space 13312K, 0% used [0x00000000e4600000,0x00000000e4600000,0x00000000e5300000)
 ParOldGen       total 56832K, used 36616K [0x00000000a0000000, 0x00000000a3780000, 0x00000000e0000000)
  object space 56832K, 64% used [0x00000000a0000000,0x00000000a23c2070,0x00000000a3780000)
 Metaspace       used 46674K, capacity 47336K, committed 47744K, reserved 1091584K
  class space    used 5778K, capacity 5924K, committed 6016K, reserved 1048576K
}

