# JRE version: OpenJDK Runtime Environment (8.0_152-b01) (build 1.8.0_152-release-915-b01)
# Java VM: OpenJDK 64-Bit Server VM (25.152-b01 mixed mode windows-amd64 compressed oops)
Heap:
 PSYoungGen      total 74240K, used 30317K [0x00000000e0000000, 0x00000000e7680000, 0x0000000100000000)
  eden space 61440K, 28% used [0x00000000e0000000,0x00000000e1120c10,0x00000000e3c00000)
  from space 12800K, 99% used [0x00000000e3c00000,0x00000000e487a810,0x00000000e4880000)
  to   space 16384K, 0% used [0x00000000e6680000,0x00000000e6680000,0x00000000e7680000)
 ParOldGen       total 58880K, used 17563K [0x00000000a0000000, 0x00000000a3980000, 0x00000000e0000000)
  object space 58880K, 29% used [0x00000000a0000000,0x00000000a1126c90,0x00000000a3980000)
 Metaspace       used 39509K, capacity 40042K, committed 40576K, reserved 1085440K
  class space    used 4855K, capacity 4987K, committed 4992K, reserved 1048576K
GC Heap History (10 events):
Event: 8.518 GC heap before
{Heap before GC invocations=8 (full 2):
 PSYoungGen      total 33280K, used 30720K [0x00000000e0000000, 0x00000000e4100000, 0x0000000100000000)
  eden space 30720K, 100% used [0x00000000e0000000,0x00000000e1e00000,0x00000000e1e00000)
  from space 2560K, 0% used [0x00000000e1e00000,0x00000000e1e00000,0x00000000e2080000)
  to   space 2560K, 0% used [0x00000000e3e80000,0x00000000e3e80000,0x00000000e4100000)
 ParOldGen       total 35328K, used 6708K [0x00000000a0000000, 0x00000000a2280000, 0x00000000e0000000)
  object space 35328K, 18% used [0x00000000a0000000,0x00000000a068d0d0,0x00000000a2280000)
 Metaspace       used 24725K, capacity 25164K, committed 25344K, reserved 1071104K
  class space    used 3193K, capacity 3328K, committed 3328K, reserved 1048576K
Event: 8.537 GC heap after
Heap after GC invocations=8 (full 2):
 PSYoungGen      total 46080K, used 2545K [0x00000000e0000000, 0x00000000e4100000, 0x0000000100000000)
  eden space 43520K, 0% used [0x00000000e0000000,0x00000000e0000000,0x00000000e2a80000)
  from space 2560K, 99% used [0x00000000e3e80000,0x00000000e40fc518,0x00000000e4100000)
  to   space 8192K, 0% used [0x00000000e3100000,0x00000000e3100000,0x00000000e3900000)
 ParOldGen       total 35328K, used 11018K [0x00000000a0000000, 0x00000000a2280000, 0x00000000e0000000)
  object space 35328K, 31% used [0x00000000a0000000,0x00000000a0ac2b80,0x00000000a2280000)
 Metaspace       used 24725K, capacity 25164K, committed 25344K, reserved 1071104K
  class space    used 3193K, capacity 3328K, committed 3328K, reserved 1048576K
}
Event: 10.415 GC heap before
{Heap before GC invocations=9 (full 2):
 PSYoungGen      total 46080K, used 46065K [0x00000000e0000000, 0x00000000e4100000, 0x0000000100000000)
  eden space 43520K, 100% used [0x00000000e0000000,0x00000000e2a80000,0x00000000e2a80000)
  from space 2560K, 99% used [0x00000000e3e80000,0x00000000e40fc518,0x00000000e4100000)
  to   space 8192K, 0% used [0x00000000e3100000,0x00000000e3100000,0x00000000e3900000)
 ParOldGen       total 35328K, used 11018K [0x00000000a0000000, 0x00000000a2280000, 0x00000000e0000000)
  object space 35328K, 31% used [0x00000000a0000000,0x00000000a0ac2b80,0x00000000a2280000)
 Metaspace       used 33368K, capacity 33804K, committed 34176K, reserved 1079296K
  class space    used 4239K, capacity 4378K, committed 4480K, reserved 1048576K
Event: 10.449 GC heap after
Heap after GC invocations=9 (full 2):
 PSYoungGen      total 58368K, used 8177K [0x00000000e0000000, 0x00000000e5500000, 0x0000000100000000)
  eden space 50176K, 0% used [0x00000000e0000000,0x00000000e0000000,0x00000000e3100000)
  from space 8192K, 99% used [0x00000000e3100000,0x00000000e38fc6f0,0x00000000e3900000)
  to   space 12800K, 0% used [0x00000000e4880000,0x00000000e4880000,0x00000000e5500000)
 ParOldGen       total 35328K, used 18321K [0x00000000a0000000, 0x00000000a2280000, 0x00000000e0000000)
  object space 35328K, 51% used [0x00000000a0000000,0x00000000a11e4418,0x00000000a2280000)
 Metaspace       used 33368K, capacity 33804K, committed 34176K, reserved 1079296K
  class space    used 4239K, capacity 4378K, committed 4480K, reserved 1048576K
}
Event: 10.954 GC heap before
{Heap before GC invocations=10 (full 2):
 PSYoungGen      total 58368K, used 18436K [0x00000000e0000000, 0x00000000e5500000, 0x0000000100000000)
  eden space 50176K, 20% used [0x00000000e0000000,0x00000000e0a04cb0,0x00000000e3100000)
  from space 8192K, 99% used [0x00000000e3100000,0x00000000e38fc6f0,0x00000000e3900000)
  to   space 12800K, 0% used [0x00000000e4880000,0x00000000e4880000,0x00000000e5500000)
 ParOldGen       total 35328K, used 18321K [0x00000000a0000000, 0x00000000a2280000, 0x00000000e0000000)
  object space 35328K, 51% used [0x00000000a0000000,0x00000000a11e4418,0x00000000a2280000)
 Metaspace       used 34663K, capacity 35118K, committed 35496K, reserved 1081344K
  class space    used 4379K, capacity 4515K, committed 4608K, reserved 1048576K
Event: 10.978 GC heap after
Heap after GC invocations=10 (full 2):
 PSYoungGen      total 74240K, used 8141K [0x00000000e0000000, 0x00000000e6280000, 0x0000000100000000)
  eden space 61440K, 0% used [0x00000000e0000000,0x00000000e0000000,0x00000000e3c00000)
  from space 12800K, 63% used [0x00000000e4880000,0x00000000e50737c8,0x00000000e5500000)
  to   space 12800K, 0% used [0x00000000e3c00000,0x00000000e3c00000,0x00000000e4880000)
 ParOldGen       total 35328K, used 18329K [0x00000000a0000000, 0x00000000a2280000, 0x00000000e0000000)
  object space 35328K, 51% used [0x00000000a0000000,0x00000000a11e6418,0x00000000a2280000)
 Metaspace       used 34663K, capacity 35118K, committed 35496K, reserved 1081344K
  class space    used 4379K, capacity 4515K, committed 4608K, reserved 1048576K
}
Event: 10.978 GC heap before
{Heap before GC invocations=11 (full 3):
 PSYoungGen      total 74240K, used 8141K [0x00000000e0000000, 0x00000000e6280000, 0x0000000100000000)
  eden space 61440K, 0% used [0x00000000e0000000,0x00000000e0000000,0x00000000e3c00000)
  from space 12800K, 63% used [0x00000000e4880000,0x00000000e50737c8,0x00000000e5500000)
  to   space 12800K, 0% used [0x00000000e3c00000,0x00000000e3c00000,0x00000000e4880000)
 ParOldGen       total 35328K, used 18329K [0x00000000a0000000, 0x00000000a2280000, 0x00000000e0000000)
  object space 35328K, 51% used [0x00000000a0000000,0x00000000a11e6418,0x00000000a2280000)
 Metaspace       used 34663K, capacity 35118K, committed 35496K, reserved 1081344K
  class space    used 4379K, capacity 4515K, committed 4608K, reserved 1048576K
Event: 11.178 GC heap after
Heap after GC invocations=11 (full 3):
 PSYoungGen      total 74240K, used 0K [0x00000000e0000000, 0x00000000e6280000, 0x0000000100000000)
  eden space 61440K, 0% used [0x00000000e0000000,0x00000000e0000000,0x00000000e3c00000)
  from space 12800K, 0% used [0x00000000e4880000,0x00000000e4880000,0x00000000e5500000)
  to   space 12800K, 0% used [0x00000000e3c00000,0x00000000e3c00000,0x00000000e4880000)
 ParOldGen       total 58880K, used 13672K [0x00000000a0000000, 0x00000000a3980000, 0x00000000e0000000)
  object space 58880K, 23% used [0x00000000a0000000,0x00000000a0d5a018,0x00000000a3980000)
 Metaspace       used 34663K, capacity 35118K, committed 35496K, reserved 1081344K
  class space    used 4379K, capacity 4515K, committed 4608K, reserved 1048576K
}
Event: 14.020 GC heap before
{Heap before GC invocations=12 (full 3):
 PSYoungGen      total 74240K, used 61440K [0x00000000e0000000, 0x00000000e6280000, 0x0000000100000000)
  eden space 61440K, 100% used [0x00000000e0000000,0x00000000e3c00000,0x00000000e3c00000)
  from space 12800K, 0% used [0x00000000e4880000,0x00000000e4880000,0x00000000e5500000)
  to   space 12800K, 0% used [0x00000000e3c00000,0x00000000e3c00000,0x00000000e4880000)
 ParOldGen       total 58880K, used 13672K [0x00000000a0000000, 0x00000000a3980000, 0x00000000e0000000)
  object space 58880K, 23% used [0x00000000a0000000,0x00000000a0d5a018,0x00000000a3980000)
 Metaspace       used 38813K, capacity 39384K, committed 39808K, reserved 1083392K
  class space    used 4826K, capacity 4984K, committed 4992K, reserved 1048576K
Event: 14.068 GC heap after
Heap after GC invocations=12 (full 3):
 PSYoungGen      total 74240K, used 12778K [0x00000000e0000000, 0x00000000e7680000, 0x0000000100000000)
  eden space 61440K, 0% used [0x00000000e0000000,0x00000000e0000000,0x00000000e3c00000)
  from space 12800K, 99% used [0x00000000e3c00000,0x00000000e487a810,0x00000000e4880000)
  to   space 16384K, 0% used [0x00000000e6680000,0x00000000e6680000,0x00000000e7680000)
 ParOldGen       total 58880K, used 17563K [0x00000000a0000000, 0x00000000a3980000, 0x00000000e0000000)
  object space 58880K, 29% used [0x00000000a0000000,0x00000000a1126c90,0x00000000a3980000)
 Metaspace       used 38813K, capacity 39384K, committed 39808K, reserved 1083392K
  class space    used 4826K, capacity 4984K, committed 4992K, reserved 1048576K
}

