# JRE version: OpenJDK Runtime Environment (8.0_152-b01) (build 1.8.0_152-release-915-b01)
# Java VM: OpenJDK 64-Bit Server VM (25.152-b01 mixed mode windows-amd64 compressed oops)
Heap:
 PSYoungGen      total 90624K, used 27627K [0x00000000ec700000, 0x00000000f3a00000, 0x0000000100000000)
  eden space 72704K, 38% used [0x00000000ec700000,0x00000000ee1faed0,0x00000000f0e00000)
  from space 17920K, 0% used [0x00000000f0e00000,0x00000000f0e00000,0x00000000f1f80000)
  to   space 17920K, 0% used [0x00000000f2880000,0x00000000f2880000,0x00000000f3a00000)
 ParOldGen       total 83968K, used 37165K [0x00000000c5400000, 0x00000000ca600000, 0x00000000ec700000)
  object space 83968K, 44% used [0x00000000c5400000,0x00000000c784b5c8,0x00000000ca600000)
 Metaspace       used 46575K, capacity 47308K, committed 47912K, reserved 1091584K
  class space    used 5632K, capacity 5822K, committed 5936K, reserved 1048576K
GC Heap History (10 events):
Event: 33.144 GC heap before
{Heap before GC invocations=14 (full 3):
 PSYoungGen      total 91648K, used 69139K [0x00000000ec700000, 0x00000000f4000000, 0x0000000100000000)
  eden space 72704K, 95% used [0x00000000ec700000,0x00000000f0a84d50,0x00000000f0e00000)
  from space 18944K, 0% used [0x00000000f1f80000,0x00000000f1f80000,0x00000000f3200000)
  to   space 17920K, 0% used [0x00000000f0e00000,0x00000000f0e00000,0x00000000f1f80000)
 ParOldGen       total 83968K, used 72036K [0x00000000c5400000, 0x00000000ca600000, 0x00000000ec700000)
  object space 83968K, 85% used [0x00000000c5400000,0x00000000c9a590d8,0x00000000ca600000)
 Metaspace       used 40116K, capacity 40778K, committed 41256K, reserved 1085440K
  class space    used 5003K, capacity 5163K, committed 5168K, reserved 1048576K
Event: 33.159 GC heap after
Heap after GC invocations=14 (full 3):
 PSYoungGen      total 91648K, used 69139K [0x00000000ec700000, 0x00000000f4000000, 0x0000000100000000)
  eden space 72704K, 95% used [0x00000000ec700000,0x00000000f0a84d50,0x00000000f0e00000)
  from space 18944K, 0% used [0x00000000f1f80000,0x00000000f1f80000,0x00000000f3200000)
  to   space 17920K, 61% used [0x00000000f0e00000,0x00000000f18cff18,0x00000000f1f80000)
 ParOldGen       total 83968K, used 82293K [0x00000000c5400000, 0x00000000ca600000, 0x00000000ec700000)
  object space 83968K, 98% used [0x00000000c5400000,0x00000000ca45d480,0x00000000ca600000)
 Metaspace       used 40116K, capacity 40778K, committed 41256K, reserved 1085440K
  class space    used 5003K, capacity 5163K, committed 5168K, reserved 1048576K
}
Event: 33.159 GC heap before
{Heap before GC invocations=15 (full 4):
 PSYoungGen      total 91648K, used 69139K [0x00000000ec700000, 0x00000000f4000000, 0x0000000100000000)
  eden space 72704K, 95% used [0x00000000ec700000,0x00000000f0a84d50,0x00000000f0e00000)
  from space 18944K, 0% used [0x00000000f1f80000,0x00000000f1f80000,0x00000000f3200000)
  to   space 17920K, 61% used [0x00000000f0e00000,0x00000000f18cff18,0x00000000f1f80000)
 ParOldGen       total 83968K, used 82293K [0x00000000c5400000, 0x00000000ca600000, 0x00000000ec700000)
  object space 83968K, 98% used [0x00000000c5400000,0x00000000ca45d480,0x00000000ca600000)
 Metaspace       used 40116K, capacity 40778K, committed 41256K, reserved 1085440K
  class space    used 5003K, capacity 5163K, committed 5168K, reserved 1048576K
Event: 33.426 GC heap after
Heap after GC invocations=15 (full 4):
 PSYoungGen      total 91648K, used 0K [0x00000000ec700000, 0x00000000f4000000, 0x0000000100000000)
  eden space 72704K, 0% used [0x00000000ec700000,0x00000000ec700000,0x00000000f0e00000)
  from space 18944K, 0% used [0x00000000f1f80000,0x00000000f1f80000,0x00000000f3200000)
  to   space 17920K, 0% used [0x00000000f0e00000,0x00000000f0e00000,0x00000000f1f80000)
 ParOldGen       total 83968K, used 83000K [0x00000000c5400000, 0x00000000ca600000, 0x00000000ec700000)
  object space 83968K, 98% used [0x00000000c5400000,0x00000000ca50e290,0x00000000ca600000)
 Metaspace       used 40116K, capacity 40778K, committed 41256K, reserved 1085440K
  class space    used 5003K, capacity 5163K, committed 5168K, reserved 1048576K
}
Event: 33.497 GC heap before
{Heap before GC invocations=16 (full 5):
 PSYoungGen      total 91648K, used 71944K [0x00000000ec700000, 0x00000000f4000000, 0x0000000100000000)
  eden space 72704K, 98% used [0x00000000ec700000,0x00000000f0d42030,0x00000000f0e00000)
  from space 18944K, 0% used [0x00000000f1f80000,0x00000000f1f80000,0x00000000f3200000)
  to   space 17920K, 0% used [0x00000000f0e00000,0x00000000f0e00000,0x00000000f1f80000)
 ParOldGen       total 83968K, used 83000K [0x00000000c5400000, 0x00000000ca600000, 0x00000000ec700000)
  object space 83968K, 98% used [0x00000000c5400000,0x00000000ca50e290,0x00000000ca600000)
 Metaspace       used 40350K, capacity 41020K, committed 41640K, reserved 1085440K
  class space    used 5041K, capacity 5198K, committed 5296K, reserved 1048576K
Event: 33.679 GC heap after
Heap after GC invocations=16 (full 5):
 PSYoungGen      total 91648K, used 0K [0x00000000ec700000, 0x00000000f4000000, 0x0000000100000000)
  eden space 72704K, 0% used [0x00000000ec700000,0x00000000ec700000,0x00000000f0e00000)
  from space 18944K, 0% used [0x00000000f1f80000,0x00000000f1f80000,0x00000000f3200000)
  to   space 17920K, 0% used [0x00000000f0e00000,0x00000000f0e00000,0x00000000f1f80000)
 ParOldGen       total 83968K, used 41817K [0x00000000c5400000, 0x00000000ca600000, 0x00000000ec700000)
  object space 83968K, 49% used [0x00000000c5400000,0x00000000c7cd6428,0x00000000ca600000)
 Metaspace       used 40350K, capacity 41020K, committed 41640K, reserved 1085440K
  class space    used 5041K, capacity 5198K, committed 5296K, reserved 1048576K
}
Event: 36.311 GC heap before
{Heap before GC invocations=17 (full 5):
 PSYoungGen      total 91648K, used 72704K [0x00000000ec700000, 0x00000000f4000000, 0x0000000100000000)
  eden space 72704K, 100% used [0x00000000ec700000,0x00000000f0e00000,0x00000000f0e00000)
  from space 18944K, 0% used [0x00000000f1f80000,0x00000000f1f80000,0x00000000f3200000)
  to   space 17920K, 0% used [0x00000000f0e00000,0x00000000f0e00000,0x00000000f1f80000)
 ParOldGen       total 83968K, used 41817K [0x00000000c5400000, 0x00000000ca600000, 0x00000000ec700000)
  object space 83968K, 49% used [0x00000000c5400000,0x00000000c7cd6428,0x00000000ca600000)
 Metaspace       used 43864K, capacity 44528K, committed 45096K, reserved 1089536K
  class space    used 5407K, capacity 5612K, committed 5680K, reserved 1048576K
Event: 36.346 GC heap after
Heap after GC invocations=17 (full 5):
 PSYoungGen      total 90624K, used 6039K [0x00000000ec700000, 0x00000000f3a00000, 0x0000000100000000)
  eden space 72704K, 0% used [0x00000000ec700000,0x00000000ec700000,0x00000000f0e00000)
  from space 17920K, 33% used [0x00000000f0e00000,0x00000000f13e5ff0,0x00000000f1f80000)
  to   space 17920K, 0% used [0x00000000f2880000,0x00000000f2880000,0x00000000f3a00000)
 ParOldGen       total 83968K, used 82852K [0x00000000c5400000, 0x00000000ca600000, 0x00000000ec700000)
  object space 83968K, 98% used [0x00000000c5400000,0x00000000ca4e9290,0x00000000ca600000)
 Metaspace       used 43864K, capacity 44528K, committed 45096K, reserved 1089536K
  class space    used 5407K, capacity 5612K, committed 5680K, reserved 1048576K
}
Event: 36.346 GC heap before
{Heap before GC invocations=18 (full 6):
 PSYoungGen      total 90624K, used 6039K [0x00000000ec700000, 0x00000000f3a00000, 0x0000000100000000)
  eden space 72704K, 0% used [0x00000000ec700000,0x00000000ec700000,0x00000000f0e00000)
  from space 17920K, 33% used [0x00000000f0e00000,0x00000000f13e5ff0,0x00000000f1f80000)
  to   space 17920K, 0% used [0x00000000f2880000,0x00000000f2880000,0x00000000f3a00000)
 ParOldGen       total 83968K, used 82852K [0x00000000c5400000, 0x00000000ca600000, 0x00000000ec700000)
  object space 83968K, 98% used [0x00000000c5400000,0x00000000ca4e9290,0x00000000ca600000)
 Metaspace       used 43864K, capacity 44528K, committed 45096K, reserved 1089536K
  class space    used 5407K, capacity 5612K, committed 5680K, reserved 1048576K
Event: 36.604 GC heap after
Heap after GC invocations=18 (full 6):
 PSYoungGen      total 90624K, used 0K [0x00000000ec700000, 0x00000000f3a00000, 0x0000000100000000)
  eden space 72704K, 0% used [0x00000000ec700000,0x00000000ec700000,0x00000000f0e00000)
  from space 17920K, 0% used [0x00000000f0e00000,0x00000000f0e00000,0x00000000f1f80000)
  to   space 17920K, 0% used [0x00000000f2880000,0x00000000f2880000,0x00000000f3a00000)
 ParOldGen       total 83968K, used 37165K [0x00000000c5400000, 0x00000000ca600000, 0x00000000ec700000)
  object space 83968K, 44% used [0x00000000c5400000,0x00000000c784b5c8,0x00000000ca600000)
 Metaspace       used 43864K, capacity 44528K, committed 45096K, reserved 1089536K
  class space    used 5407K, capacity 5612K, committed 5680K, reserved 1048576K
}

