# JRE version: OpenJDK Runtime Environment (8.0_152-b01) (build 1.8.0_152-release-915-b01)
# Java VM: OpenJDK 64-Bit Server VM (25.152-b01 mixed mode windows-amd64 compressed oops)
Heap:
 PSYoungGen      total 79360K, used 36894K [0x00000000e0000000, 0x00000000e6880000, 0x0000000100000000)
  eden space 66560K, 36% used [0x00000000e0000000,0x00000000e178dea0,0x00000000e4100000)
  from space 12800K, 99% used [0x00000000e4100000,0x00000000e4d799b0,0x00000000e4d80000)
  to   space 13312K, 0% used [0x00000000e4d80000,0x00000000e4d80000,0x00000000e5a80000)
 ParOldGen       total 54784K, used 18304K [0x00000000a0000000, 0x00000000a3580000, 0x00000000e0000000)
  object space 54784K, 33% used [0x00000000a0000000,0x00000000a11e0140,0x00000000a3580000)
 Metaspace       used 39932K, capacity 40464K, committed 40960K, reserved 1085440K
  class space    used 4897K, capacity 5056K, committed 5120K, reserved 1048576K
GC Heap History (10 events):
Event: 9.048 GC heap before
{Heap before GC invocations=8 (full 2):
 PSYoungGen      total 33280K, used 30720K [0x00000000e0000000, 0x00000000e4100000, 0x0000000100000000)
  eden space 30720K, 100% used [0x00000000e0000000,0x00000000e1e00000,0x00000000e1e00000)
  from space 2560K, 0% used [0x00000000e1e00000,0x00000000e1e00000,0x00000000e2080000)
  to   space 2560K, 0% used [0x00000000e3e80000,0x00000000e3e80000,0x00000000e4100000)
 ParOldGen       total 35328K, used 7691K [0x00000000a0000000, 0x00000000a2280000, 0x00000000e0000000)
  object space 35328K, 21% used [0x00000000a0000000,0x00000000a0782c20,0x00000000a2280000)
 Metaspace       used 24733K, capacity 25112K, committed 25344K, reserved 1071104K
  class space    used 3196K, capacity 3328K, committed 3328K, reserved 1048576K
Event: 9.064 GC heap after
Heap after GC invocations=8 (full 2):
 PSYoungGen      total 47616K, used 2557K [0x00000000e0000000, 0x00000000e4100000, 0x0000000100000000)
  eden space 45056K, 0% used [0x00000000e0000000,0x00000000e0000000,0x00000000e2c00000)
  from space 2560K, 99% used [0x00000000e3e80000,0x00000000e40ff508,0x00000000e4100000)
  to   space 8192K, 0% used [0x00000000e3100000,0x00000000e3100000,0x00000000e3900000)
 ParOldGen       total 35328K, used 11983K [0x00000000a0000000, 0x00000000a2280000, 0x00000000e0000000)
  object space 35328K, 33% used [0x00000000a0000000,0x00000000a0bb3d70,0x00000000a2280000)
 Metaspace       used 24733K, capacity 25112K, committed 25344K, reserved 1071104K
  class space    used 3196K, capacity 3328K, committed 3328K, reserved 1048576K
}
Event: 10.933 GC heap before
{Heap before GC invocations=9 (full 2):
 PSYoungGen      total 47616K, used 47613K [0x00000000e0000000, 0x00000000e4100000, 0x0000000100000000)
  eden space 45056K, 100% used [0x00000000e0000000,0x00000000e2c00000,0x00000000e2c00000)
  from space 2560K, 99% used [0x00000000e3e80000,0x00000000e40ff508,0x00000000e4100000)
  to   space 8192K, 0% used [0x00000000e3100000,0x00000000e3100000,0x00000000e3900000)
 ParOldGen       total 35328K, used 11983K [0x00000000a0000000, 0x00000000a2280000, 0x00000000e0000000)
  object space 35328K, 33% used [0x00000000a0000000,0x00000000a0bb3d70,0x00000000a2280000)
 Metaspace       used 33737K, capacity 34180K, committed 34688K, reserved 1079296K
  class space    used 4289K, capacity 4414K, committed 4480K, reserved 1048576K
Event: 10.967 GC heap after
Heap after GC invocations=9 (full 2):
 PSYoungGen      total 58368K, used 8190K [0x00000000e0000000, 0x00000000e5a80000, 0x0000000100000000)
  eden space 50176K, 0% used [0x00000000e0000000,0x00000000e0000000,0x00000000e3100000)
  from space 8192K, 99% used [0x00000000e3100000,0x00000000e38ffa10,0x00000000e3900000)
  to   space 13312K, 0% used [0x00000000e4d80000,0x00000000e4d80000,0x00000000e5a80000)
 ParOldGen       total 35328K, used 19826K [0x00000000a0000000, 0x00000000a2280000, 0x00000000e0000000)
  object space 35328K, 56% used [0x00000000a0000000,0x00000000a135ca48,0x00000000a2280000)
 Metaspace       used 33737K, capacity 34180K, committed 34688K, reserved 1079296K
  class space    used 4289K, capacity 4414K, committed 4480K, reserved 1048576K
}
Event: 11.445 GC heap before
{Heap before GC invocations=10 (full 2):
 PSYoungGen      total 58368K, used 17572K [0x00000000e0000000, 0x00000000e5a80000, 0x0000000100000000)
  eden space 50176K, 18% used [0x00000000e0000000,0x00000000e09299a8,0x00000000e3100000)
  from space 8192K, 99% used [0x00000000e3100000,0x00000000e38ffa10,0x00000000e3900000)
  to   space 13312K, 0% used [0x00000000e4d80000,0x00000000e4d80000,0x00000000e5a80000)
 ParOldGen       total 35328K, used 19826K [0x00000000a0000000, 0x00000000a2280000, 0x00000000e0000000)
  object space 35328K, 56% used [0x00000000a0000000,0x00000000a135ca48,0x00000000a2280000)
 Metaspace       used 34743K, capacity 35130K, committed 35496K, reserved 1081344K
  class space    used 4391K, capacity 4515K, committed 4608K, reserved 1048576K
Event: 11.491 GC heap after
Heap after GC invocations=10 (full 2):
 PSYoungGen      total 79872K, used 8055K [0x00000000e0000000, 0x00000000e6880000, 0x0000000100000000)
  eden space 66560K, 0% used [0x00000000e0000000,0x00000000e0000000,0x00000000e4100000)
  from space 13312K, 60% used [0x00000000e4d80000,0x00000000e555dc60,0x00000000e5a80000)
  to   space 12800K, 0% used [0x00000000e4100000,0x00000000e4100000,0x00000000e4d80000)
 ParOldGen       total 35328K, used 19834K [0x00000000a0000000, 0x00000000a2280000, 0x00000000e0000000)
  object space 35328K, 56% used [0x00000000a0000000,0x00000000a135ea48,0x00000000a2280000)
 Metaspace       used 34743K, capacity 35130K, committed 35496K, reserved 1081344K
  class space    used 4391K, capacity 4515K, committed 4608K, reserved 1048576K
}
Event: 11.491 GC heap before
{Heap before GC invocations=11 (full 3):
 PSYoungGen      total 79872K, used 8055K [0x00000000e0000000, 0x00000000e6880000, 0x0000000100000000)
  eden space 66560K, 0% used [0x00000000e0000000,0x00000000e0000000,0x00000000e4100000)
  from space 13312K, 60% used [0x00000000e4d80000,0x00000000e555dc60,0x00000000e5a80000)
  to   space 12800K, 0% used [0x00000000e4100000,0x00000000e4100000,0x00000000e4d80000)
 ParOldGen       total 35328K, used 19834K [0x00000000a0000000, 0x00000000a2280000, 0x00000000e0000000)
  object space 35328K, 56% used [0x00000000a0000000,0x00000000a135ea48,0x00000000a2280000)
 Metaspace       used 34743K, capacity 35130K, committed 35496K, reserved 1081344K
  class space    used 4391K, capacity 4515K, committed 4608K, reserved 1048576K
Event: 11.708 GC heap after
Heap after GC invocations=11 (full 3):
 PSYoungGen      total 79872K, used 0K [0x00000000e0000000, 0x00000000e6880000, 0x0000000100000000)
  eden space 66560K, 0% used [0x00000000e0000000,0x00000000e0000000,0x00000000e4100000)
  from space 13312K, 0% used [0x00000000e4d80000,0x00000000e4d80000,0x00000000e5a80000)
  to   space 12800K, 0% used [0x00000000e4100000,0x00000000e4100000,0x00000000e4d80000)
 ParOldGen       total 54784K, used 13492K [0x00000000a0000000, 0x00000000a3580000, 0x00000000e0000000)
  object space 54784K, 24% used [0x00000000a0000000,0x00000000a0d2d0c8,0x00000000a3580000)
 Metaspace       used 34743K, capacity 35130K, committed 35496K, reserved 1081344K
  class space    used 4391K, capacity 4515K, committed 4608K, reserved 1048576K
}
Event: 14.714 GC heap before
{Heap before GC invocations=12 (full 3):
 PSYoungGen      total 79872K, used 66560K [0x00000000e0000000, 0x00000000e6880000, 0x0000000100000000)
  eden space 66560K, 100% used [0x00000000e0000000,0x00000000e4100000,0x00000000e4100000)
  from space 13312K, 0% used [0x00000000e4d80000,0x00000000e4d80000,0x00000000e5a80000)
  to   space 12800K, 0% used [0x00000000e4100000,0x00000000e4100000,0x00000000e4d80000)
 ParOldGen       total 54784K, used 13492K [0x00000000a0000000, 0x00000000a3580000, 0x00000000e0000000)
  object space 54784K, 24% used [0x00000000a0000000,0x00000000a0d2d0c8,0x00000000a3580000)
 Metaspace       used 39258K, capacity 39798K, committed 40320K, reserved 1085440K
  class space    used 4852K, capacity 4987K, committed 4992K, reserved 1048576K
Event: 14.763 GC heap after
Heap after GC invocations=12 (full 3):
 PSYoungGen      total 79360K, used 12774K [0x00000000e0000000, 0x00000000e6880000, 0x0000000100000000)
  eden space 66560K, 0% used [0x00000000e0000000,0x00000000e0000000,0x00000000e4100000)
  from space 12800K, 99% used [0x00000000e4100000,0x00000000e4d799b0,0x00000000e4d80000)
  to   space 13312K, 0% used [0x00000000e4d80000,0x00000000e4d80000,0x00000000e5a80000)
 ParOldGen       total 54784K, used 18304K [0x00000000a0000000, 0x00000000a3580000, 0x00000000e0000000)
  object space 54784K, 33% used [0x00000000a0000000,0x00000000a11e0140,0x00000000a3580000)
 Metaspace       used 39258K, capacity 39798K, committed 40320K, reserved 1085440K
  class space    used 4852K, capacity 4987K, committed 4992K, reserved 1048576K
}

