# JRE version: OpenJDK Runtime Environment (8.0_152-b01) (build 1.8.0_152-release-915-b01)
# Java VM: OpenJDK 64-Bit Server VM (25.152-b01 mixed mode windows-amd64 compressed oops)
Heap:
 PSYoungGen      total 84992K, used 22209K [0x00000000e0000000, 0x00000000e6c80000, 0x0000000100000000)
  eden space 71680K, 30% used [0x00000000e0000000,0x00000000e15b0440,0x00000000e4600000)
  from space 13312K, 0% used [0x00000000e4600000,0x00000000e4600000,0x00000000e5300000)
  to   space 13312K, 0% used [0x00000000e5300000,0x00000000e5300000,0x00000000e6000000)
 ParOldGen       total 53248K, used 16105K [0x00000000a0000000, 0x00000000a3400000, 0x00000000e0000000)
  object space 53248K, 30% used [0x00000000a0000000,0x00000000a0fba498,0x00000000a3400000)
 Metaspace       used 37134K, capacity 37576K, committed 38056K, reserved 1083392K
  class space    used 4687K, capacity 4816K, committed 4864K, reserved 1048576K
GC Heap History (10 events):
Event: 16.887 GC heap before
{Heap before GC invocations=9 (full 2):
 PSYoungGen      total 49664K, used 49661K [0x00000000e0000000, 0x00000000e4100000, 0x0000000100000000)
  eden space 47104K, 100% used [0x00000000e0000000,0x00000000e2e00000,0x00000000e2e00000)
  from space 2560K, 99% used [0x00000000e3e80000,0x00000000e40ff508,0x00000000e4100000)
  to   space 8192K, 0% used [0x00000000e3100000,0x00000000e3100000,0x00000000e3900000)
 ParOldGen       total 35840K, used 13610K [0x00000000a0000000, 0x00000000a2300000, 0x00000000e0000000)
  object space 35840K, 37% used [0x00000000a0000000,0x00000000a0d4aa88,0x00000000a2300000)
 Metaspace       used 33828K, capacity 34232K, committed 34688K, reserved 1079296K
  class space    used 4292K, capacity 4414K, committed 4480K, reserved 1048576K
Event: 16.929 GC heap after
Heap after GC invocations=9 (full 2):
 PSYoungGen      total 58368K, used 8185K [0x00000000e0000000, 0x00000000e6000000, 0x0000000100000000)
  eden space 50176K, 0% used [0x00000000e0000000,0x00000000e0000000,0x00000000e3100000)
  from space 8192K, 99% used [0x00000000e3100000,0x00000000e38fe690,0x00000000e3900000)
  to   space 13312K, 0% used [0x00000000e5300000,0x00000000e5300000,0x00000000e6000000)
 ParOldGen       total 35840K, used 22195K [0x00000000a0000000, 0x00000000a2300000, 0x00000000e0000000)
  object space 35840K, 61% used [0x00000000a0000000,0x00000000a15acee0,0x00000000a2300000)
 Metaspace       used 33828K, capacity 34232K, committed 34688K, reserved 1079296K
  class space    used 4292K, capacity 4414K, committed 4480K, reserved 1048576K
}
Event: 17.282 GC heap before
{Heap before GC invocations=10 (full 2):
 PSYoungGen      total 58368K, used 14794K [0x00000000e0000000, 0x00000000e6000000, 0x0000000100000000)
  eden space 50176K, 13% used [0x00000000e0000000,0x00000000e0674280,0x00000000e3100000)
  from space 8192K, 99% used [0x00000000e3100000,0x00000000e38fe690,0x00000000e3900000)
  to   space 13312K, 0% used [0x00000000e5300000,0x00000000e5300000,0x00000000e6000000)
 ParOldGen       total 35840K, used 22195K [0x00000000a0000000, 0x00000000a2300000, 0x00000000e0000000)
  object space 35840K, 61% used [0x00000000a0000000,0x00000000a15acee0,0x00000000a2300000)
 Metaspace       used 34711K, capacity 35118K, committed 35496K, reserved 1081344K
  class space    used 4387K, capacity 4515K, committed 4608K, reserved 1048576K
Event: 17.307 GC heap after
Heap after GC invocations=10 (full 2):
 PSYoungGen      total 84992K, used 7790K [0x00000000e0000000, 0x00000000e6c80000, 0x0000000100000000)
  eden space 71680K, 0% used [0x00000000e0000000,0x00000000e0000000,0x00000000e4600000)
  from space 13312K, 58% used [0x00000000e5300000,0x00000000e5a9ba38,0x00000000e6000000)
  to   space 13312K, 0% used [0x00000000e4600000,0x00000000e4600000,0x00000000e5300000)
 ParOldGen       total 35840K, used 22203K [0x00000000a0000000, 0x00000000a2300000, 0x00000000e0000000)
  object space 35840K, 61% used [0x00000000a0000000,0x00000000a15aeee0,0x00000000a2300000)
 Metaspace       used 34711K, capacity 35118K, committed 35496K, reserved 1081344K
  class space    used 4387K, capacity 4515K, committed 4608K, reserved 1048576K
}
Event: 17.307 GC heap before
{Heap before GC invocations=11 (full 3):
 PSYoungGen      total 84992K, used 7790K [0x00000000e0000000, 0x00000000e6c80000, 0x0000000100000000)
  eden space 71680K, 0% used [0x00000000e0000000,0x00000000e0000000,0x00000000e4600000)
  from space 13312K, 58% used [0x00000000e5300000,0x00000000e5a9ba38,0x00000000e6000000)
  to   space 13312K, 0% used [0x00000000e4600000,0x00000000e4600000,0x00000000e5300000)
 ParOldGen       total 35840K, used 22203K [0x00000000a0000000, 0x00000000a2300000, 0x00000000e0000000)
  object space 35840K, 61% used [0x00000000a0000000,0x00000000a15aeee0,0x00000000a2300000)
 Metaspace       used 34711K, capacity 35118K, committed 35496K, reserved 1081344K
  class space    used 4387K, capacity 4515K, committed 4608K, reserved 1048576K
Event: 17.540 GC heap after
Heap after GC invocations=11 (full 3):
 PSYoungGen      total 84992K, used 0K [0x00000000e0000000, 0x00000000e6c80000, 0x0000000100000000)
  eden space 71680K, 0% used [0x00000000e0000000,0x00000000e0000000,0x00000000e4600000)
  from space 13312K, 0% used [0x00000000e5300000,0x00000000e5300000,0x00000000e6000000)
  to   space 13312K, 0% used [0x00000000e4600000,0x00000000e4600000,0x00000000e5300000)
 ParOldGen       total 53248K, used 13296K [0x00000000a0000000, 0x00000000a3400000, 0x00000000e0000000)
  object space 53248K, 24% used [0x00000000a0000000,0x00000000a0cfc350,0x00000000a3400000)
 Metaspace       used 34711K, capacity 35118K, committed 35496K, reserved 1081344K
  class space    used 4387K, capacity 4515K, committed 4608K, reserved 1048576K
}
Event: 18.519 GC heap before
{Heap before GC invocations=12 (full 3):
 PSYoungGen      total 84992K, used 15998K [0x00000000e0000000, 0x00000000e6c80000, 0x0000000100000000)
  eden space 71680K, 22% used [0x00000000e0000000,0x00000000e0f9fa68,0x00000000e4600000)
  from space 13312K, 0% used [0x00000000e5300000,0x00000000e5300000,0x00000000e6000000)
  to   space 13312K, 0% used [0x00000000e4600000,0x00000000e4600000,0x00000000e5300000)
 ParOldGen       total 53248K, used 13296K [0x00000000a0000000, 0x00000000a3400000, 0x00000000e0000000)
  object space 53248K, 24% used [0x00000000a0000000,0x00000000a0cfc350,0x00000000a3400000)
 Metaspace       used 36468K, capacity 36946K, committed 37288K, reserved 1085440K
  class space    used 4627K, capacity 4781K, committed 4864K, reserved 1048576K
Event: 18.543 GC heap after
Heap after GC invocations=12 (full 3):
 PSYoungGen      total 84992K, used 3869K [0x00000000e0000000, 0x00000000e6c80000, 0x0000000100000000)
  eden space 71680K, 0% used [0x00000000e0000000,0x00000000e0000000,0x00000000e4600000)
  from space 13312K, 29% used [0x00000000e4600000,0x00000000e49c7400,0x00000000e5300000)
  to   space 13312K, 0% used [0x00000000e5300000,0x00000000e5300000,0x00000000e6000000)
 ParOldGen       total 53248K, used 13304K [0x00000000a0000000, 0x00000000a3400000, 0x00000000e0000000)
  object space 53248K, 24% used [0x00000000a0000000,0x00000000a0cfe350,0x00000000a3400000)
 Metaspace       used 36468K, capacity 36946K, committed 37288K, reserved 1085440K
  class space    used 4627K, capacity 4781K, committed 4864K, reserved 1048576K
}
Event: 18.543 GC heap before
{Heap before GC invocations=13 (full 4):
 PSYoungGen      total 84992K, used 3869K [0x00000000e0000000, 0x00000000e6c80000, 0x0000000100000000)
  eden space 71680K, 0% used [0x00000000e0000000,0x00000000e0000000,0x00000000e4600000)
  from space 13312K, 29% used [0x00000000e4600000,0x00000000e49c7400,0x00000000e5300000)
  to   space 13312K, 0% used [0x00000000e5300000,0x00000000e5300000,0x00000000e6000000)
 ParOldGen       total 53248K, used 13304K [0x00000000a0000000, 0x00000000a3400000, 0x00000000e0000000)
  object space 53248K, 24% used [0x00000000a0000000,0x00000000a0cfe350,0x00000000a3400000)
 Metaspace       used 36468K, capacity 36946K, committed 37288K, reserved 1085440K
  class space    used 4627K, capacity 4781K, committed 4864K, reserved 1048576K
Event: 18.824 GC heap after
Heap after GC invocations=13 (full 4):
 PSYoungGen      total 84992K, used 0K [0x00000000e0000000, 0x00000000e6c80000, 0x0000000100000000)
  eden space 71680K, 0% used [0x00000000e0000000,0x00000000e0000000,0x00000000e4600000)
  from space 13312K, 0% used [0x00000000e4600000,0x00000000e4600000,0x00000000e5300000)
  to   space 13312K, 0% used [0x00000000e5300000,0x00000000e5300000,0x00000000e6000000)
 ParOldGen       total 53248K, used 16105K [0x00000000a0000000, 0x00000000a3400000, 0x00000000e0000000)
  object space 53248K, 30% used [0x00000000a0000000,0x00000000a0fba498,0x00000000a3400000)
 Metaspace       used 36468K, capacity 36946K, committed 37288K, reserved 1083392K
  class space    used 4627K, capacity 4781K, committed 4864K, reserved 1048576K
}

